{"D:\\Uni work\\Winter 2026\\comp 2452\\Comp-2452-project\\create-tables.sql": {"path":"D:\\Uni work\\Winter 2026\\comp 2452\\Comp-2452-project\\create-tables.sql","statementMap":{},"fnMap":{},"branchMap":{},"s":{},"f":{},"b":{},"meta":{"lastBranch":0,"lastFunction":0,"lastStatement":0,"seen":{}}}
,"D:\\Uni work\\Winter 2026\\comp 2452\\Comp-2452-project\\src\\assertions.ts": {"path":"D:\\Uni work\\Winter 2026\\comp 2452\\Comp-2452-project\\src\\assertions.ts","statementMap":{"0":{"start":{"line":2,"column":2},"end":{"line":4,"column":null}},"1":{"start":{"line":3,"column":4},"end":{"line":3,"column":null}},"2":{"start":{"line":10,"column":8},"end":{"line":10,"column":null}}},"fnMap":{"0":{"name":"assert","decl":{"start":{"line":1,"column":16},"end":{"line":1,"column":23}},"loc":{"start":{"line":1,"column":62},"end":{"line":6,"column":null}},"line":1},"1":{"name":"(anonymous_1)","decl":{"start":{"line":9,"column":4},"end":{"line":9,"column":17}},"loc":{"start":{"line":9,"column":34},"end":{"line":11,"column":null}},"line":9}},"branchMap":{"0":{"loc":{"start":{"line":2,"column":2},"end":{"line":4,"column":null}},"type":"if","locations":[{"start":{"line":2,"column":2},"end":{"line":4,"column":null}},{"start":{},"end":{}}],"line":2}},"s":{"0":363,"1":0,"2":0},"f":{"0":363,"1":0},"b":{"0":[0,363]},"meta":{"lastBranch":1,"lastFunction":2,"lastStatement":3,"seen":{"f:1:16:1:23":0,"b:2:2:4:Infinity:undefined:undefined:undefined:undefined":0,"s:2:2:4:Infinity":0,"s:3:4:3:Infinity":1,"f:9:4:9:17":1,"s:10:8:10:Infinity":2}}}
,"D:\\Uni work\\Winter 2026\\comp 2452\\Comp-2452-project\\src\\model\\connection.ts": {"path":"D:\\Uni work\\Winter 2026\\comp 2452\\Comp-2452-project\\src\\model\\connection.ts","statementMap":{"0":{"start":{"line":4,"column":10},"end":{"line":4,"column":null}},"1":{"start":{"line":5,"column":0},"end":{"line":5,"column":null}},"2":{"start":{"line":6,"column":17},"end":{"line":6,"column":null}},"3":{"start":{"line":8,"column":0},"end":{"line":10,"column":null}},"4":{"start":{"line":9,"column":2},"end":{"line":9,"column":null}},"5":{"start":{"line":14,"column":2},"end":{"line":14,"column":null}}},"fnMap":{"0":{"name":"db","decl":{"start":{"line":13,"column":24},"end":{"line":13,"column":29}},"loc":{"start":{"line":13,"column":29},"end":{"line":15,"column":null}},"line":13}},"branchMap":{"0":{"loc":{"start":{"line":8,"column":0},"end":{"line":10,"column":null}},"type":"if","locations":[{"start":{"line":8,"column":0},"end":{"line":10,"column":null}},{"start":{},"end":{}}],"line":8}},"s":{"0":2,"1":2,"2":2,"3":2,"4":2,"5":87},"f":{"0":87},"b":{"0":[2,0]},"meta":{"lastBranch":1,"lastFunction":1,"lastStatement":6,"seen":{"s:4:10:4:Infinity":0,"s:5:0:5:Infinity":1,"s:6:17:6:Infinity":2,"b:8:0:10:Infinity:undefined:undefined:undefined:undefined":0,"s:8:0:10:Infinity":3,"s:9:2:9:Infinity":4,"f:13:24:13:29":0,"s:14:2:14:Infinity":5}}}
,"D:\\Uni work\\Winter 2026\\comp 2452\\Comp-2452-project\\src\\model\\exceptions.ts": {"path":"D:\\Uni work\\Winter 2026\\comp 2452\\Comp-2452-project\\src\\model\\exceptions.ts","statementMap":{},"fnMap":{},"branchMap":{},"s":{},"f":{},"b":{},"meta":{"lastBranch":0,"lastFunction":0,"lastStatement":0,"seen":{}}}
,"D:\\Uni work\\Winter 2026\\comp 2452\\Comp-2452-project\\src\\model\\game.ts": {"path":"D:\\Uni work\\Winter 2026\\comp 2452\\Comp-2452-project\\src\\model\\game.ts","statementMap":{"0":{"start":{"line":21,"column":17},"end":{"line":21,"column":null}},"1":{"start":{"line":24,"column":8},"end":{"line":24,"column":null}},"2":{"start":{"line":25,"column":8},"end":{"line":25,"column":null}},"3":{"start":{"line":26,"column":8},"end":{"line":26,"column":null}},"4":{"start":{"line":27,"column":8},"end":{"line":27,"column":null}},"5":{"start":{"line":28,"column":8},"end":{"line":28,"column":null}},"6":{"start":{"line":29,"column":8},"end":{"line":29,"column":null}},"7":{"start":{"line":34,"column":8},"end":{"line":34,"column":null}},"8":{"start":{"line":35,"column":8},"end":{"line":35,"column":null}},"9":{"start":{"line":36,"column":8},"end":{"line":36,"column":null}},"10":{"start":{"line":37,"column":8},"end":{"line":39,"column":null}},"11":{"start":{"line":38,"column":12},"end":{"line":38,"column":null}},"12":{"start":{"line":40,"column":8},"end":{"line":40,"column":null}},"13":{"start":{"line":45,"column":8},"end":{"line":45,"column":null}},"14":{"start":{"line":46,"column":8},"end":{"line":46,"column":null}},"15":{"start":{"line":47,"column":8},"end":{"line":47,"column":null}},"16":{"start":{"line":48,"column":8},"end":{"line":50,"column":null}},"17":{"start":{"line":49,"column":12},"end":{"line":49,"column":null}},"18":{"start":{"line":51,"column":8},"end":{"line":51,"column":null}},"19":{"start":{"line":56,"column":8},"end":{"line":56,"column":null}},"20":{"start":{"line":57,"column":8},"end":{"line":57,"column":null}},"21":{"start":{"line":58,"column":8},"end":{"line":58,"column":null}},"22":{"start":{"line":62,"column":8},"end":{"line":62,"column":null}},"23":{"start":{"line":63,"column":8},"end":{"line":63,"column":null}},"24":{"start":{"line":64,"column":8},"end":{"line":64,"column":null}},"25":{"start":{"line":75,"column":8},"end":{"line":75,"column":null}},"26":{"start":{"line":75,"column":48},"end":{"line":75,"column":null}},"27":{"start":{"line":76,"column":8},"end":{"line":76,"column":null}},"28":{"start":{"line":77,"column":8},"end":{"line":77,"column":null}},"29":{"start":{"line":79,"column":8},"end":{"line":81,"column":null}},"30":{"start":{"line":80,"column":12},"end":{"line":80,"column":null}},"31":{"start":{"line":82,"column":8},"end":{"line":82,"column":null}},"32":{"start":{"line":83,"column":8},"end":{"line":83,"column":null}},"33":{"start":{"line":87,"column":8},"end":{"line":87,"column":null}},"34":{"start":{"line":87,"column":49},"end":{"line":87,"column":null}},"35":{"start":{"line":88,"column":8},"end":{"line":88,"column":null}},"36":{"start":{"line":89,"column":8},"end":{"line":89,"column":null}},"37":{"start":{"line":91,"column":8},"end":{"line":93,"column":null}},"38":{"start":{"line":92,"column":12},"end":{"line":92,"column":null}},"39":{"start":{"line":94,"column":8},"end":{"line":94,"column":null}},"40":{"start":{"line":95,"column":8},"end":{"line":95,"column":null}},"41":{"start":{"line":107,"column":24},"end":{"line":109,"column":null}},"42":{"start":{"line":113,"column":8},"end":{"line":124,"column":null}},"43":{"start":{"line":114,"column":12},"end":{"line":114,"column":null}},"44":{"start":{"line":115,"column":33},"end":{"line":118,"column":null}},"45":{"start":{"line":119,"column":12},"end":{"line":119,"column":null}},"46":{"start":{"line":121,"column":24},"end":{"line":121,"column":null}},"47":{"start":{"line":122,"column":12},"end":{"line":122,"column":null}},"48":{"start":{"line":123,"column":12},"end":{"line":123,"column":null}},"49":{"start":{"line":127,"column":8},"end":{"line":127,"column":null}},"50":{"start":{"line":128,"column":8},"end":{"line":128,"column":null}},"51":{"start":{"line":130,"column":8},"end":{"line":130,"column":null}},"52":{"start":{"line":135,"column":8},"end":{"line":135,"column":null}},"53":{"start":{"line":135,"column":22},"end":{"line":135,"column":null}},"54":{"start":{"line":136,"column":8},"end":{"line":137,"column":null}},"55":{"start":{"line":148,"column":25},"end":{"line":151,"column":null}},"56":{"start":{"line":152,"column":8},"end":{"line":159,"column":null}},"57":{"start":{"line":153,"column":12},"end":{"line":153,"column":null}},"58":{"start":{"line":155,"column":12},"end":{"line":158,"column":null}},"59":{"start":{"line":167,"column":25},"end":{"line":170,"column":null}},"60":{"start":{"line":172,"column":30},"end":{"line":172,"column":null}},"61":{"start":{"line":173,"column":12},"end":{"line":181,"column":null}},"62":{"start":{"line":174,"column":32},"end":{"line":174,"column":null}},"63":{"start":{"line":174,"column":52},"end":{"line":174,"column":88}},"64":{"start":{"line":175,"column":16},"end":{"line":180,"column":null}},"65":{"start":{"line":176,"column":20},"end":{"line":179,"column":null}},"66":{"start":{"line":176,"column":33},"end":{"line":176,"column":36}},"67":{"start":{"line":177,"column":24},"end":{"line":177,"column":null}},"68":{"start":{"line":178,"column":24},"end":{"line":178,"column":null}},"69":{"start":{"line":189,"column":25},"end":{"line":192,"column":null}},"70":{"start":{"line":194,"column":8},"end":{"line":201,"column":null}},"71":{"start":{"line":195,"column":12},"end":{"line":195,"column":null}},"72":{"start":{"line":197,"column":12},"end":{"line":200,"column":null}},"73":{"start":{"line":206,"column":21},"end":{"line":209,"column":null}},"74":{"start":{"line":211,"column":26},"end":{"line":211,"column":null}},"75":{"start":{"line":212,"column":8},"end":{"line":220,"column":null}},"76":{"start":{"line":213,"column":29},"end":{"line":213,"column":null}},"77":{"start":{"line":213,"column":49},"end":{"line":213,"column":86}},"78":{"start":{"line":214,"column":12},"end":{"line":219,"column":null}},"79":{"start":{"line":215,"column":16},"end":{"line":218,"column":null}},"80":{"start":{"line":215,"column":29},"end":{"line":215,"column":32}},"81":{"start":{"line":216,"column":20},"end":{"line":216,"column":null}},"82":{"start":{"line":217,"column":20},"end":{"line":217,"column":null}},"83":{"start":{"line":227,"column":8},"end":{"line":227,"column":null}},"84":{"start":{"line":230,"column":8},"end":{"line":230,"column":null}},"85":{"start":{"line":234,"column":8},"end":{"line":234,"column":null}},"86":{"start":{"line":237,"column":8},"end":{"line":237,"column":null}},"87":{"start":{"line":240,"column":8},"end":{"line":240,"column":null}},"88":{"start":{"line":244,"column":8},"end":{"line":244,"column":null}},"89":{"start":{"line":244,"column":50},"end":{"line":244,"column":68}},"90":{"start":{"line":248,"column":8},"end":{"line":248,"column":null}},"91":{"start":{"line":252,"column":8},"end":{"line":252,"column":null}},"92":{"start":{"line":252,"column":37},"end":{"line":252,"column":47}},"93":{"start":{"line":256,"column":8},"end":{"line":256,"column":null}},"94":{"start":{"line":257,"column":8},"end":{"line":257,"column":null}},"95":{"start":{"line":258,"column":8},"end":{"line":258,"column":null}}},"fnMap":{"0":{"name":"(anonymous_0)","decl":{"start":{"line":23,"column":4},"end":{"line":23,"column":16}},"loc":{"start":{"line":23,"column":73},"end":{"line":30,"column":null}},"line":23},"1":{"name":"(anonymous_1)","decl":{"start":{"line":33,"column":10},"end":{"line":33,"column":35}},"loc":{"start":{"line":33,"column":35},"end":{"line":41,"column":null}},"line":33},"2":{"name":"(anonymous_2)","decl":{"start":{"line":44,"column":10},"end":{"line":44,"column":18}},"loc":{"start":{"line":44,"column":49},"end":{"line":52,"column":null}},"line":44},"3":{"name":"(anonymous_3)","decl":{"start":{"line":55,"column":4},"end":{"line":55,"column":23}},"loc":{"start":{"line":55,"column":39},"end":{"line":59,"column":null}},"line":55},"4":{"name":"(anonymous_4)","decl":{"start":{"line":61,"column":4},"end":{"line":61,"column":13}},"loc":{"start":{"line":61,"column":33},"end":{"line":65,"column":null}},"line":61},"5":{"name":"(anonymous_5)","decl":{"start":{"line":74,"column":10},"end":{"line":74,"column":21}},"loc":{"start":{"line":74,"column":54},"end":{"line":84,"column":null}},"line":74},"6":{"name":"(anonymous_6)","decl":{"start":{"line":86,"column":10},"end":{"line":86,"column":22}},"loc":{"start":{"line":86,"column":57},"end":{"line":96,"column":null}},"line":86},"7":{"name":"(anonymous_7)","decl":{"start":{"line":106,"column":17},"end":{"line":106,"column":34}},"loc":{"start":{"line":106,"column":67},"end":{"line":131,"column":null}},"line":106},"8":{"name":"(anonymous_8)","decl":{"start":{"line":134,"column":17},"end":{"line":134,"column":26}},"loc":{"start":{"line":134,"column":38},"end":{"line":138,"column":null}},"line":134},"9":{"name":"(anonymous_9)","decl":{"start":{"line":147,"column":17},"end":{"line":147,"column":29}},"loc":{"start":{"line":147,"column":63},"end":{"line":160,"column":null}},"line":147},"10":{"name":"(anonymous_10)","decl":{"start":{"line":166,"column":17},"end":{"line":166,"column":30}},"loc":{"start":{"line":166,"column":42},"end":{"line":182,"column":null}},"line":166},"11":{"name":"(anonymous_11)","decl":{"start":{"line":174,"column":47},"end":{"line":174,"column":52}},"loc":{"start":{"line":174,"column":52},"end":{"line":174,"column":88}},"line":174},"12":{"name":"(anonymous_12)","decl":{"start":{"line":188,"column":17},"end":{"line":188,"column":30}},"loc":{"start":{"line":188,"column":66},"end":{"line":202,"column":null}},"line":188},"13":{"name":"(anonymous_13)","decl":{"start":{"line":205,"column":17},"end":{"line":205,"column":31}},"loc":{"start":{"line":205,"column":43},"end":{"line":221,"column":null}},"line":205},"14":{"name":"(anonymous_14)","decl":{"start":{"line":213,"column":44},"end":{"line":213,"column":49}},"loc":{"start":{"line":213,"column":49},"end":{"line":213,"column":86}},"line":213},"15":{"name":"(anonymous_15)","decl":{"start":{"line":226,"column":8},"end":{"line":226,"column":26}},"loc":{"start":{"line":226,"column":26},"end":{"line":228,"column":null}},"line":226},"16":{"name":"(anonymous_16)","decl":{"start":{"line":229,"column":8},"end":{"line":229,"column":28}},"loc":{"start":{"line":229,"column":28},"end":{"line":231,"column":null}},"line":229},"17":{"name":"(anonymous_17)","decl":{"start":{"line":232,"column":8},"end":{"line":232,"column":29}},"loc":{"start":{"line":232,"column":29},"end":{"line":235,"column":null}},"line":232},"18":{"name":"(anonymous_18)","decl":{"start":{"line":236,"column":8},"end":{"line":236,"column":30}},"loc":{"start":{"line":236,"column":30},"end":{"line":238,"column":null}},"line":236},"19":{"name":"(anonymous_19)","decl":{"start":{"line":239,"column":8},"end":{"line":239,"column":32}},"loc":{"start":{"line":239,"column":32},"end":{"line":241,"column":null}},"line":239},"20":{"name":"(anonymous_20)","decl":{"start":{"line":243,"column":8},"end":{"line":243,"column":27}},"loc":{"start":{"line":243,"column":27},"end":{"line":245,"column":null}},"line":243},"21":{"name":"(anonymous_21)","decl":{"start":{"line":244,"column":38},"end":{"line":244,"column":39}},"loc":{"start":{"line":244,"column":50},"end":{"line":244,"column":68}},"line":244},"22":{"name":"(anonymous_22)","decl":{"start":{"line":247,"column":4},"end":{"line":247,"column":21}},"loc":{"start":{"line":247,"column":41},"end":{"line":249,"column":null}},"line":247},"23":{"name":"(anonymous_23)","decl":{"start":{"line":251,"column":4},"end":{"line":251,"column":17}},"loc":{"start":{"line":251,"column":17},"end":{"line":253,"column":null}},"line":251},"24":{"name":"(anonymous_24)","decl":{"start":{"line":252,"column":32},"end":{"line":252,"column":37}},"loc":{"start":{"line":252,"column":37},"end":{"line":252,"column":47}},"line":252},"25":{"name":"(anonymous_25)","decl":{"start":{"line":255,"column":4},"end":{"line":255,"column":17}},"loc":{"start":{"line":255,"column":17},"end":{"line":259,"column":null}},"line":255}},"branchMap":{"0":{"loc":{"start":{"line":37,"column":8},"end":{"line":39,"column":null}},"type":"if","locations":[{"start":{"line":37,"column":8},"end":{"line":39,"column":null}},{"start":{},"end":{}}],"line":37},"1":{"loc":{"start":{"line":48,"column":8},"end":{"line":50,"column":null}},"type":"if","locations":[{"start":{"line":48,"column":8},"end":{"line":50,"column":null}},{"start":{},"end":{}}],"line":48},"2":{"loc":{"start":{"line":75,"column":8},"end":{"line":75,"column":null}},"type":"if","locations":[{"start":{"line":75,"column":8},"end":{"line":75,"column":null}},{"start":{},"end":{}}],"line":75},"3":{"loc":{"start":{"line":79,"column":8},"end":{"line":81,"column":null}},"type":"if","locations":[{"start":{"line":79,"column":8},"end":{"line":81,"column":null}},{"start":{},"end":{}}],"line":79},"4":{"loc":{"start":{"line":87,"column":8},"end":{"line":87,"column":null}},"type":"if","locations":[{"start":{"line":87,"column":8},"end":{"line":87,"column":null}},{"start":{},"end":{}}],"line":87},"5":{"loc":{"start":{"line":91,"column":8},"end":{"line":93,"column":null}},"type":"if","locations":[{"start":{"line":91,"column":8},"end":{"line":93,"column":null}},{"start":{},"end":{}}],"line":91},"6":{"loc":{"start":{"line":113,"column":8},"end":{"line":124,"column":null}},"type":"if","locations":[{"start":{"line":113,"column":8},"end":{"line":124,"column":null}},{"start":{"line":120,"column":15},"end":{"line":124,"column":null}}],"line":113},"7":{"loc":{"start":{"line":135,"column":8},"end":{"line":135,"column":null}},"type":"if","locations":[{"start":{"line":135,"column":8},"end":{"line":135,"column":null}},{"start":{},"end":{}}],"line":135},"8":{"loc":{"start":{"line":152,"column":8},"end":{"line":159,"column":null}},"type":"if","locations":[{"start":{"line":152,"column":8},"end":{"line":159,"column":null}},{"start":{"line":154,"column":15},"end":{"line":159,"column":null}}],"line":152},"9":{"loc":{"start":{"line":175,"column":16},"end":{"line":180,"column":null}},"type":"if","locations":[{"start":{"line":175,"column":16},"end":{"line":180,"column":null}},{"start":{},"end":{}}],"line":175},"10":{"loc":{"start":{"line":194,"column":8},"end":{"line":201,"column":null}},"type":"if","locations":[{"start":{"line":194,"column":8},"end":{"line":201,"column":null}},{"start":{"line":196,"column":15},"end":{"line":201,"column":null}}],"line":194},"11":{"loc":{"start":{"line":214,"column":12},"end":{"line":219,"column":null}},"type":"if","locations":[{"start":{"line":214,"column":12},"end":{"line":219,"column":null}},{"start":{},"end":{}}],"line":214}},"s":{"0":14,"1":14,"2":14,"3":14,"4":14,"5":14,"6":14,"7":1,"8":1,"9":1,"10":1,"11":0,"12":1,"13":3,"14":3,"15":3,"16":3,"17":2,"18":3,"19":2,"20":2,"21":2,"22":2,"23":2,"24":2,"25":1,"26":0,"27":1,"28":1,"29":1,"30":0,"31":1,"32":1,"33":2,"34":0,"35":2,"36":2,"37":2,"38":0,"39":2,"40":2,"41":9,"42":9,"43":5,"44":5,"45":5,"46":4,"47":4,"48":4,"49":9,"50":9,"51":9,"52":2,"53":0,"54":2,"55":2,"56":2,"57":0,"58":2,"59":9,"60":9,"61":9,"62":2,"63":3,"64":2,"65":2,"66":2,"67":2,"68":2,"69":2,"70":2,"71":0,"72":2,"73":9,"74":9,"75":9,"76":2,"77":3,"78":2,"79":2,"80":2,"81":2,"82":2,"83":1,"84":11,"85":9,"86":5,"87":5,"88":2,"89":2,"90":0,"91":11,"92":0,"93":25,"94":25,"95":25},"f":{"0":14,"1":1,"2":3,"3":2,"4":2,"5":1,"6":2,"7":1,"8":1,"9":1,"10":1,"11":3,"12":1,"13":1,"14":3,"15":1,"16":11,"17":9,"18":5,"19":5,"20":2,"21":2,"22":0,"23":11,"24":0,"25":25},"b":{"0":[0,1],"1":[2,1],"2":[0,1],"3":[0,1],"4":[0,2],"5":[0,2],"6":[5,4],"7":[0,2],"8":[0,2],"9":[2,0],"10":[0,2],"11":[2,0]},"meta":{"lastBranch":12,"lastFunction":26,"lastStatement":96,"seen":{"s:21:17:21:Infinity":0,"f:23:4:23:16":0,"s:24:8:24:Infinity":1,"s:25:8:25:Infinity":2,"s:26:8:26:Infinity":3,"s:27:8:27:Infinity":4,"s:28:8:28:Infinity":5,"s:29:8:29:Infinity":6,"f:33:10:33:35":1,"s:34:8:34:Infinity":7,"s:35:8:35:Infinity":8,"s:36:8:36:Infinity":9,"b:37:8:39:Infinity:undefined:undefined:undefined:undefined":0,"s:37:8:39:Infinity":10,"s:38:12:38:Infinity":11,"s:40:8:40:Infinity":12,"f:44:10:44:18":2,"s:45:8:45:Infinity":13,"s:46:8:46:Infinity":14,"s:47:8:47:Infinity":15,"b:48:8:50:Infinity:undefined:undefined:undefined:undefined":1,"s:48:8:50:Infinity":16,"s:49:12:49:Infinity":17,"s:51:8:51:Infinity":18,"f:55:4:55:23":3,"s:56:8:56:Infinity":19,"s:57:8:57:Infinity":20,"s:58:8:58:Infinity":21,"f:61:4:61:13":4,"s:62:8:62:Infinity":22,"s:63:8:63:Infinity":23,"s:64:8:64:Infinity":24,"f:74:10:74:21":5,"b:75:8:75:Infinity:undefined:undefined:undefined:undefined":2,"s:75:8:75:Infinity":25,"s:75:48:75:Infinity":26,"s:76:8:76:Infinity":27,"s:77:8:77:Infinity":28,"b:79:8:81:Infinity:undefined:undefined:undefined:undefined":3,"s:79:8:81:Infinity":29,"s:80:12:80:Infinity":30,"s:82:8:82:Infinity":31,"s:83:8:83:Infinity":32,"f:86:10:86:22":6,"b:87:8:87:Infinity:undefined:undefined:undefined:undefined":4,"s:87:8:87:Infinity":33,"s:87:49:87:Infinity":34,"s:88:8:88:Infinity":35,"s:89:8:89:Infinity":36,"b:91:8:93:Infinity:undefined:undefined:undefined:undefined":5,"s:91:8:93:Infinity":37,"s:92:12:92:Infinity":38,"s:94:8:94:Infinity":39,"s:95:8:95:Infinity":40,"f:106:17:106:34":7,"s:107:24:109:Infinity":41,"b:113:8:124:Infinity:120:15:124:Infinity":6,"s:113:8:124:Infinity":42,"s:114:12:114:Infinity":43,"s:115:33:118:Infinity":44,"s:119:12:119:Infinity":45,"s:121:24:121:Infinity":46,"s:122:12:122:Infinity":47,"s:123:12:123:Infinity":48,"s:127:8:127:Infinity":49,"s:128:8:128:Infinity":50,"s:130:8:130:Infinity":51,"f:134:17:134:26":8,"b:135:8:135:Infinity:undefined:undefined:undefined:undefined":7,"s:135:8:135:Infinity":52,"s:135:22:135:Infinity":53,"s:136:8:137:Infinity":54,"f:147:17:147:29":9,"s:148:25:151:Infinity":55,"b:152:8:159:Infinity:154:15:159:Infinity":8,"s:152:8:159:Infinity":56,"s:153:12:153:Infinity":57,"s:155:12:158:Infinity":58,"f:166:17:166:30":10,"s:167:25:170:Infinity":59,"s:172:30:172:Infinity":60,"s:173:12:181:Infinity":61,"s:174:32:174:Infinity":62,"f:174:47:174:52":11,"s:174:52:174:88":63,"b:175:16:180:Infinity:undefined:undefined:undefined:undefined":9,"s:175:16:180:Infinity":64,"s:176:20:179:Infinity":65,"s:176:33:176:36":66,"s:177:24:177:Infinity":67,"s:178:24:178:Infinity":68,"f:188:17:188:30":12,"s:189:25:192:Infinity":69,"b:194:8:201:Infinity:196:15:201:Infinity":10,"s:194:8:201:Infinity":70,"s:195:12:195:Infinity":71,"s:197:12:200:Infinity":72,"f:205:17:205:31":13,"s:206:21:209:Infinity":73,"s:211:26:211:Infinity":74,"s:212:8:220:Infinity":75,"s:213:29:213:Infinity":76,"f:213:44:213:49":14,"s:213:49:213:86":77,"b:214:12:219:Infinity:undefined:undefined:undefined:undefined":11,"s:214:12:219:Infinity":78,"s:215:16:218:Infinity":79,"s:215:29:215:32":80,"s:216:20:216:Infinity":81,"s:217:20:217:Infinity":82,"f:226:8:226:26":15,"s:227:8:227:Infinity":83,"f:229:8:229:28":16,"s:230:8:230:Infinity":84,"f:232:8:232:29":17,"s:234:8:234:Infinity":85,"f:236:8:236:30":18,"s:237:8:237:Infinity":86,"f:239:8:239:32":19,"s:240:8:240:Infinity":87,"f:243:8:243:27":20,"s:244:8:244:Infinity":88,"f:244:38:244:39":21,"s:244:50:244:68":89,"f:247:4:247:21":22,"s:248:8:248:Infinity":90,"f:251:4:251:17":23,"s:252:8:252:Infinity":91,"f:252:32:252:37":24,"s:252:37:252:47":92,"f:255:4:255:17":25,"s:256:8:256:Infinity":93,"s:257:8:257:Infinity":94,"s:258:8:258:Infinity":95}}}
,"D:\\Uni work\\Winter 2026\\comp 2452\\Comp-2452-project\\src\\model\\Buildings\\building.ts": {"path":"D:\\Uni work\\Winter 2026\\comp 2452\\Comp-2452-project\\src\\model\\Buildings\\building.ts","statementMap":{"0":{"start":{"line":16,"column":8},"end":{"line":16,"column":null}},"1":{"start":{"line":16,"column":19},"end":{"line":16,"column":null}},"2":{"start":{"line":17,"column":8},"end":{"line":17,"column":null}},"3":{"start":{"line":17,"column":22},"end":{"line":17,"column":null}},"4":{"start":{"line":18,"column":8},"end":{"line":18,"column":null}},"5":{"start":{"line":18,"column":21},"end":{"line":18,"column":null}},"6":{"start":{"line":20,"column":8},"end":{"line":20,"column":null}},"7":{"start":{"line":21,"column":8},"end":{"line":21,"column":null}},"8":{"start":{"line":22,"column":8},"end":{"line":22,"column":null}},"9":{"start":{"line":23,"column":8},"end":{"line":23,"column":null}},"10":{"start":{"line":24,"column":8},"end":{"line":24,"column":null}},"11":{"start":{"line":25,"column":8},"end":{"line":25,"column":null}},"12":{"start":{"line":27,"column":8},"end":{"line":27,"column":null}},"13":{"start":{"line":37,"column":23},"end":{"line":39,"column":null}},"14":{"start":{"line":40,"column":38},"end":{"line":40,"column":null}},"15":{"start":{"line":41,"column":8},"end":{"line":43,"column":null}},"16":{"start":{"line":42,"column":12},"end":{"line":42,"column":null}},"17":{"start":{"line":44,"column":8},"end":{"line":44,"column":null}},"18":{"start":{"line":49,"column":19},"end":{"line":49,"column":null}},"19":{"start":{"line":50,"column":21},"end":{"line":50,"column":null}},"20":{"start":{"line":51,"column":20},"end":{"line":51,"column":null}},"21":{"start":{"line":52,"column":28},"end":{"line":52,"column":null}},"22":{"start":{"line":55,"column":8},"end":{"line":66,"column":null}},"23":{"start":{"line":57,"column":37},"end":{"line":57,"column":null}},"24":{"start":{"line":58,"column":16},"end":{"line":58,"column":null}},"25":{"start":{"line":61,"column":40},"end":{"line":61,"column":null}},"26":{"start":{"line":62,"column":16},"end":{"line":62,"column":null}},"27":{"start":{"line":65,"column":16},"end":{"line":65,"column":null}},"28":{"start":{"line":70,"column":8},"end":{"line":70,"column":null}},"29":{"start":{"line":74,"column":8},"end":{"line":74,"column":null}},"30":{"start":{"line":78,"column":8},"end":{"line":78,"column":null}},"31":{"start":{"line":82,"column":8},"end":{"line":82,"column":null}},"32":{"start":{"line":86,"column":8},"end":{"line":86,"column":null}},"33":{"start":{"line":90,"column":8},"end":{"line":90,"column":null}},"34":{"start":{"line":98,"column":8},"end":{"line":98,"column":null}},"35":{"start":{"line":99,"column":8},"end":{"line":99,"column":null}},"36":{"start":{"line":100,"column":9},"end":{"line":100,"column":null}},"37":{"start":{"line":101,"column":8},"end":{"line":101,"column":null}},"38":{"start":{"line":102,"column":8},"end":{"line":102,"column":null}},"39":{"start":{"line":103,"column":8},"end":{"line":103,"column":null}}},"fnMap":{"0":{"name":"(anonymous_0)","decl":{"start":{"line":14,"column":4},"end":{"line":14,"column":16}},"loc":{"start":{"line":14,"column":103},"end":{"line":28,"column":null}},"line":14},"1":{"name":"(anonymous_1)","decl":{"start":{"line":36,"column":17},"end":{"line":36,"column":47}},"loc":{"start":{"line":36,"column":47},"end":{"line":45,"column":null}},"line":36},"2":{"name":"(anonymous_2)","decl":{"start":{"line":48,"column":17},"end":{"line":48,"column":31}},"loc":{"start":{"line":48,"column":60},"end":{"line":67,"column":null}},"line":48},"3":{"name":"(anonymous_3)","decl":{"start":{"line":69,"column":4},"end":{"line":69,"column":20}},"loc":{"start":{"line":69,"column":20},"end":{"line":71,"column":null}},"line":69},"4":{"name":"(anonymous_4)","decl":{"start":{"line":73,"column":4},"end":{"line":73,"column":22}},"loc":{"start":{"line":73,"column":22},"end":{"line":75,"column":null}},"line":73},"5":{"name":"(anonymous_5)","decl":{"start":{"line":77,"column":4},"end":{"line":77,"column":22}},"loc":{"start":{"line":77,"column":22},"end":{"line":79,"column":null}},"line":77},"6":{"name":"(anonymous_6)","decl":{"start":{"line":81,"column":4},"end":{"line":81,"column":22}},"loc":{"start":{"line":81,"column":22},"end":{"line":83,"column":null}},"line":81},"7":{"name":"(anonymous_7)","decl":{"start":{"line":85,"column":4},"end":{"line":85,"column":21}},"loc":{"start":{"line":85,"column":21},"end":{"line":87,"column":null}},"line":85},"8":{"name":"(anonymous_8)","decl":{"start":{"line":89,"column":4},"end":{"line":89,"column":29}},"loc":{"start":{"line":89,"column":29},"end":{"line":91,"column":null}},"line":89},"9":{"name":"(anonymous_9)","decl":{"start":{"line":94,"column":4},"end":{"line":94,"column":12}},"loc":{"start":{"line":94,"column":30},"end":{"line":95,"column":null}},"line":94},"10":{"name":"(anonymous_10)","decl":{"start":{"line":97,"column":15},"end":{"line":97,"column":31}},"loc":{"start":{"line":97,"column":31},"end":{"line":106,"column":null}},"line":97}},"branchMap":{"0":{"loc":{"start":{"line":16,"column":8},"end":{"line":16,"column":null}},"type":"if","locations":[{"start":{"line":16,"column":8},"end":{"line":16,"column":null}},{"start":{},"end":{}}],"line":16},"1":{"loc":{"start":{"line":17,"column":8},"end":{"line":17,"column":null}},"type":"if","locations":[{"start":{"line":17,"column":8},"end":{"line":17,"column":null}},{"start":{},"end":{}}],"line":17},"2":{"loc":{"start":{"line":18,"column":8},"end":{"line":18,"column":null}},"type":"if","locations":[{"start":{"line":18,"column":8},"end":{"line":18,"column":null}},{"start":{},"end":{}}],"line":18},"3":{"loc":{"start":{"line":55,"column":8},"end":{"line":66,"column":null}},"type":"switch","locations":[{"start":{"line":56,"column":12},"end":{"line":59,"column":null}},{"start":{"line":60,"column":12},"end":{"line":63,"column":null}},{"start":{"line":64,"column":12},"end":{"line":65,"column":null}}],"line":55}},"s":{"0":24,"1":0,"2":24,"3":0,"4":24,"5":0,"6":24,"7":24,"8":24,"9":24,"10":24,"11":24,"12":24,"13":10,"14":10,"15":10,"16":20,"17":10,"18":20,"19":20,"20":20,"21":20,"22":20,"23":10,"24":10,"25":10,"26":10,"27":0,"28":7,"29":0,"30":0,"31":4,"32":2,"33":0,"34":24,"35":24,"36":24,"37":24,"38":24,"39":24},"f":{"0":24,"1":1,"2":1,"3":7,"4":0,"5":0,"6":4,"7":2,"8":0,"9":0,"10":24},"b":{"0":[0,24],"1":[0,24],"2":[0,24],"3":[10,10,0]},"meta":{"lastBranch":4,"lastFunction":11,"lastStatement":40,"seen":{"f:14:4:14:16":0,"b:16:8:16:Infinity:undefined:undefined:undefined:undefined":0,"s:16:8:16:Infinity":0,"s:16:19:16:Infinity":1,"b:17:8:17:Infinity:undefined:undefined:undefined:undefined":1,"s:17:8:17:Infinity":2,"s:17:22:17:Infinity":3,"b:18:8:18:Infinity:undefined:undefined:undefined:undefined":2,"s:18:8:18:Infinity":4,"s:18:21:18:Infinity":5,"s:20:8:20:Infinity":6,"s:21:8:21:Infinity":7,"s:22:8:22:Infinity":8,"s:23:8:23:Infinity":9,"s:24:8:24:Infinity":10,"s:25:8:25:Infinity":11,"s:27:8:27:Infinity":12,"f:36:17:36:47":1,"s:37:23:39:Infinity":13,"s:40:38:40:Infinity":14,"s:41:8:43:Infinity":15,"s:42:12:42:Infinity":16,"s:44:8:44:Infinity":17,"f:48:17:48:31":2,"s:49:19:49:Infinity":18,"s:50:21:50:Infinity":19,"s:51:20:51:Infinity":20,"s:52:28:52:Infinity":21,"b:56:12:59:Infinity:60:12:63:Infinity:64:12:65:Infinity":3,"s:55:8:66:Infinity":22,"s:57:37:57:Infinity":23,"s:58:16:58:Infinity":24,"s:61:40:61:Infinity":25,"s:62:16:62:Infinity":26,"s:65:16:65:Infinity":27,"f:69:4:69:20":3,"s:70:8:70:Infinity":28,"f:73:4:73:22":4,"s:74:8:74:Infinity":29,"f:77:4:77:22":5,"s:78:8:78:Infinity":30,"f:81:4:81:22":6,"s:82:8:82:Infinity":31,"f:85:4:85:21":7,"s:86:8:86:Infinity":32,"f:89:4:89:29":8,"s:90:8:90:Infinity":33,"f:94:4:94:12":9,"f:97:15:97:31":10,"s:98:8:98:Infinity":34,"s:99:8:99:Infinity":35,"s:100:9:100:Infinity":36,"s:101:8:101:Infinity":37,"s:102:8:102:Infinity":38,"s:103:8:103:Infinity":39}}}
,"D:\\Uni work\\Winter 2026\\comp 2452\\Comp-2452-project\\src\\model\\Buildings\\gattling.ts": {"path":"D:\\Uni work\\Winter 2026\\comp 2452\\Comp-2452-project\\src\\model\\Buildings\\gattling.ts","statementMap":{"0":{"start":{"line":12,"column":8},"end":{"line":12,"column":null}},"1":{"start":{"line":16,"column":8},"end":{"line":16,"column":null}}},"fnMap":{"0":{"name":"(anonymous_0)","decl":{"start":{"line":11,"column":4},"end":{"line":11,"column":16}},"loc":{"start":{"line":11,"column":76},"end":{"line":13,"column":null}},"line":11},"1":{"name":"(anonymous_1)","decl":{"start":{"line":15,"column":13},"end":{"line":15,"column":21}},"loc":{"start":{"line":15,"column":39},"end":{"line":18,"column":null}},"line":15}},"branchMap":{},"s":{"0":12,"1":2},"f":{"0":12,"1":2},"b":{},"meta":{"lastBranch":0,"lastFunction":2,"lastStatement":2,"seen":{"f:11:4:11:16":0,"s:12:8:12:Infinity":0,"f:15:13:15:21":1,"s:16:8:16:Infinity":1}}}
,"D:\\Uni work\\Winter 2026\\comp 2452\\Comp-2452-project\\src\\model\\Buildings\\helpingHand.ts": {"path":"D:\\Uni work\\Winter 2026\\comp 2452\\Comp-2452-project\\src\\model\\Buildings\\helpingHand.ts","statementMap":{"0":{"start":{"line":10,"column":8},"end":{"line":10,"column":null}},"1":{"start":{"line":14,"column":8},"end":{"line":14,"column":null}},"2":{"start":{"line":15,"column":8},"end":{"line":15,"column":null}}},"fnMap":{"0":{"name":"(anonymous_0)","decl":{"start":{"line":9,"column":4},"end":{"line":9,"column":16}},"loc":{"start":{"line":9,"column":76},"end":{"line":11,"column":null}},"line":9},"1":{"name":"(anonymous_1)","decl":{"start":{"line":13,"column":4},"end":{"line":13,"column":12}},"loc":{"start":{"line":13,"column":30},"end":{"line":16,"column":null}},"line":13}},"branchMap":{},"s":{"0":12,"1":1,"2":1},"f":{"0":12,"1":1},"b":{},"meta":{"lastBranch":0,"lastFunction":2,"lastStatement":3,"seen":{"f:9:4:9:16":0,"s:10:8:10:Infinity":0,"f:13:4:13:12":1,"s:14:8:14:Infinity":1,"s:15:8:15:Infinity":2}}}
,"D:\\Uni work\\Winter 2026\\comp 2452\\Comp-2452-project\\src\\model\\Upgrades\\boom.ts": {"path":"D:\\Uni work\\Winter 2026\\comp 2452\\Comp-2452-project\\src\\model\\Upgrades\\boom.ts","statementMap":{"0":{"start":{"line":8,"column":8},"end":{"line":8,"column":null}},"1":{"start":{"line":12,"column":8},"end":{"line":12,"column":null}}},"fnMap":{"0":{"name":"(anonymous_0)","decl":{"start":{"line":7,"column":4},"end":{"line":7,"column":16}},"loc":{"start":{"line":7,"column":80},"end":{"line":9,"column":null}},"line":7},"1":{"name":"(anonymous_1)","decl":{"start":{"line":11,"column":13},"end":{"line":11,"column":24}},"loc":{"start":{"line":11,"column":42},"end":{"line":13,"column":null}},"line":11}},"branchMap":{},"s":{"0":12,"1":1},"f":{"0":12,"1":1},"b":{},"meta":{"lastBranch":0,"lastFunction":2,"lastStatement":2,"seen":{"f:7:4:7:16":0,"s:8:8:8:Infinity":0,"f:11:13:11:24":1,"s:12:8:12:Infinity":1}}}
,"D:\\Uni work\\Winter 2026\\comp 2452\\Comp-2452-project\\src\\model\\Upgrades\\double-tap.ts": {"path":"D:\\Uni work\\Winter 2026\\comp 2452\\Comp-2452-project\\src\\model\\Upgrades\\double-tap.ts","statementMap":{"0":{"start":{"line":6,"column":8},"end":{"line":6,"column":null}},"1":{"start":{"line":10,"column":8},"end":{"line":10,"column":null}}},"fnMap":{"0":{"name":"(anonymous_0)","decl":{"start":{"line":5,"column":4},"end":{"line":5,"column":16}},"loc":{"start":{"line":5,"column":80},"end":{"line":7,"column":null}},"line":5},"1":{"name":"(anonymous_1)","decl":{"start":{"line":9,"column":13},"end":{"line":9,"column":24}},"loc":{"start":{"line":9,"column":42},"end":{"line":12,"column":null}},"line":9}},"branchMap":{},"s":{"0":12,"1":2},"f":{"0":12,"1":2},"b":{},"meta":{"lastBranch":0,"lastFunction":2,"lastStatement":2,"seen":{"f:5:4:5:16":0,"s:6:8:6:Infinity":0,"f:9:13:9:24":1,"s:10:8:10:Infinity":1}}}
,"D:\\Uni work\\Winter 2026\\comp 2452\\Comp-2452-project\\src\\model\\Upgrades\\upgrade.ts": {"path":"D:\\Uni work\\Winter 2026\\comp 2452\\Comp-2452-project\\src\\model\\Upgrades\\upgrade.ts","statementMap":{"0":{"start":{"line":24,"column":8},"end":{"line":24,"column":null}},"1":{"start":{"line":24,"column":19},"end":{"line":24,"column":null}},"2":{"start":{"line":25,"column":8},"end":{"line":25,"column":null}},"3":{"start":{"line":25,"column":22},"end":{"line":25,"column":null}},"4":{"start":{"line":26,"column":8},"end":{"line":26,"column":null}},"5":{"start":{"line":26,"column":25},"end":{"line":26,"column":null}},"6":{"start":{"line":28,"column":8},"end":{"line":28,"column":null}},"7":{"start":{"line":29,"column":8},"end":{"line":29,"column":null}},"8":{"start":{"line":30,"column":8},"end":{"line":30,"column":null}},"9":{"start":{"line":31,"column":8},"end":{"line":31,"column":null}},"10":{"start":{"line":32,"column":8},"end":{"line":32,"column":null}},"11":{"start":{"line":33,"column":8},"end":{"line":33,"column":null}},"12":{"start":{"line":34,"column":8},"end":{"line":34,"column":null}},"13":{"start":{"line":45,"column":23},"end":{"line":47,"column":null}},"14":{"start":{"line":48,"column":36},"end":{"line":48,"column":null}},"15":{"start":{"line":49,"column":8},"end":{"line":51,"column":null}},"16":{"start":{"line":50,"column":12},"end":{"line":50,"column":null}},"17":{"start":{"line":52,"column":8},"end":{"line":52,"column":null}},"18":{"start":{"line":58,"column":19},"end":{"line":58,"column":null}},"19":{"start":{"line":59,"column":21},"end":{"line":59,"column":null}},"20":{"start":{"line":60,"column":24},"end":{"line":60,"column":null}},"21":{"start":{"line":61,"column":28},"end":{"line":61,"column":null}},"22":{"start":{"line":63,"column":8},"end":{"line":74,"column":null}},"23":{"start":{"line":65,"column":42},"end":{"line":65,"column":null}},"24":{"start":{"line":66,"column":16},"end":{"line":66,"column":null}},"25":{"start":{"line":69,"column":47},"end":{"line":69,"column":null}},"26":{"start":{"line":70,"column":16},"end":{"line":70,"column":null}},"27":{"start":{"line":73,"column":16},"end":{"line":73,"column":null}},"28":{"start":{"line":77,"column":8},"end":{"line":77,"column":null}},"29":{"start":{"line":81,"column":8},"end":{"line":81,"column":null}},"30":{"start":{"line":85,"column":8},"end":{"line":85,"column":null}},"31":{"start":{"line":89,"column":8},"end":{"line":89,"column":null}},"32":{"start":{"line":93,"column":8},"end":{"line":93,"column":null}},"33":{"start":{"line":97,"column":8},"end":{"line":97,"column":null}},"34":{"start":{"line":103,"column":8},"end":{"line":103,"column":null}},"35":{"start":{"line":104,"column":8},"end":{"line":104,"column":null}},"36":{"start":{"line":105,"column":9},"end":{"line":105,"column":null}},"37":{"start":{"line":106,"column":8},"end":{"line":106,"column":null}},"38":{"start":{"line":107,"column":8},"end":{"line":107,"column":null}},"39":{"start":{"line":108,"column":8},"end":{"line":108,"column":null}}},"fnMap":{"0":{"name":"(anonymous_0)","decl":{"start":{"line":22,"column":4},"end":{"line":22,"column":16}},"loc":{"start":{"line":22,"column":108},"end":{"line":35,"column":null}},"line":22},"1":{"name":"(anonymous_1)","decl":{"start":{"line":44,"column":17},"end":{"line":44,"column":46}},"loc":{"start":{"line":44,"column":46},"end":{"line":53,"column":null}},"line":44},"2":{"name":"(anonymous_2)","decl":{"start":{"line":56,"column":17},"end":{"line":56,"column":31}},"loc":{"start":{"line":56,"column":59},"end":{"line":75,"column":null}},"line":56},"3":{"name":"(anonymous_3)","decl":{"start":{"line":76,"column":4},"end":{"line":76,"column":20}},"loc":{"start":{"line":76,"column":20},"end":{"line":78,"column":null}},"line":76},"4":{"name":"(anonymous_4)","decl":{"start":{"line":80,"column":4},"end":{"line":80,"column":22}},"loc":{"start":{"line":80,"column":22},"end":{"line":82,"column":null}},"line":80},"5":{"name":"(anonymous_5)","decl":{"start":{"line":84,"column":4},"end":{"line":84,"column":22}},"loc":{"start":{"line":84,"column":22},"end":{"line":86,"column":null}},"line":84},"6":{"name":"(anonymous_6)","decl":{"start":{"line":88,"column":4},"end":{"line":88,"column":22}},"loc":{"start":{"line":88,"column":22},"end":{"line":90,"column":null}},"line":88},"7":{"name":"(anonymous_7)","decl":{"start":{"line":92,"column":4},"end":{"line":92,"column":25}},"loc":{"start":{"line":92,"column":25},"end":{"line":94,"column":null}},"line":92},"8":{"name":"(anonymous_8)","decl":{"start":{"line":96,"column":4},"end":{"line":96,"column":29}},"loc":{"start":{"line":96,"column":29},"end":{"line":98,"column":null}},"line":96},"9":{"name":"(anonymous_9)","decl":{"start":{"line":100,"column":4},"end":{"line":100,"column":15}},"loc":{"start":{"line":100,"column":33},"end":{"line":101,"column":null}},"line":100},"10":{"name":"(anonymous_10)","decl":{"start":{"line":102,"column":14},"end":{"line":102,"column":29}},"loc":{"start":{"line":102,"column":29},"end":{"line":111,"column":null}},"line":102}},"branchMap":{"0":{"loc":{"start":{"line":24,"column":8},"end":{"line":24,"column":null}},"type":"if","locations":[{"start":{"line":24,"column":8},"end":{"line":24,"column":null}},{"start":{},"end":{}}],"line":24},"1":{"loc":{"start":{"line":25,"column":8},"end":{"line":25,"column":null}},"type":"if","locations":[{"start":{"line":25,"column":8},"end":{"line":25,"column":null}},{"start":{},"end":{}}],"line":25},"2":{"loc":{"start":{"line":26,"column":8},"end":{"line":26,"column":null}},"type":"if","locations":[{"start":{"line":26,"column":8},"end":{"line":26,"column":null}},{"start":{},"end":{}}],"line":26},"3":{"loc":{"start":{"line":63,"column":8},"end":{"line":74,"column":null}},"type":"switch","locations":[{"start":{"line":64,"column":12},"end":{"line":67,"column":null}},{"start":{"line":68,"column":12},"end":{"line":71,"column":null}},{"start":{"line":72,"column":12},"end":{"line":73,"column":null}}],"line":63}},"s":{"0":24,"1":0,"2":24,"3":0,"4":24,"5":0,"6":24,"7":24,"8":24,"9":24,"10":24,"11":24,"12":24,"13":10,"14":10,"15":10,"16":20,"17":10,"18":20,"19":20,"20":20,"21":20,"22":20,"23":10,"24":10,"25":10,"26":10,"27":0,"28":7,"29":0,"30":0,"31":2,"32":0,"33":0,"34":24,"35":24,"36":24,"37":24,"38":24,"39":24},"f":{"0":24,"1":1,"2":1,"3":7,"4":0,"5":0,"6":2,"7":0,"8":0,"9":0,"10":24},"b":{"0":[0,24],"1":[0,24],"2":[0,24],"3":[10,10,0]},"meta":{"lastBranch":4,"lastFunction":11,"lastStatement":40,"seen":{"f:22:4:22:16":0,"b:24:8:24:Infinity:undefined:undefined:undefined:undefined":0,"s:24:8:24:Infinity":0,"s:24:19:24:Infinity":1,"b:25:8:25:Infinity:undefined:undefined:undefined:undefined":1,"s:25:8:25:Infinity":2,"s:25:22:25:Infinity":3,"b:26:8:26:Infinity:undefined:undefined:undefined:undefined":2,"s:26:8:26:Infinity":4,"s:26:25:26:Infinity":5,"s:28:8:28:Infinity":6,"s:29:8:29:Infinity":7,"s:30:8:30:Infinity":8,"s:31:8:31:Infinity":9,"s:32:8:32:Infinity":10,"s:33:8:33:Infinity":11,"s:34:8:34:Infinity":12,"f:44:17:44:46":1,"s:45:23:47:Infinity":13,"s:48:36:48:Infinity":14,"s:49:8:51:Infinity":15,"s:50:12:50:Infinity":16,"s:52:8:52:Infinity":17,"f:56:17:56:31":2,"s:58:19:58:Infinity":18,"s:59:21:59:Infinity":19,"s:60:24:60:Infinity":20,"s:61:28:61:Infinity":21,"b:64:12:67:Infinity:68:12:71:Infinity:72:12:73:Infinity":3,"s:63:8:74:Infinity":22,"s:65:42:65:Infinity":23,"s:66:16:66:Infinity":24,"s:69:47:69:Infinity":25,"s:70:16:70:Infinity":26,"s:73:16:73:Infinity":27,"f:76:4:76:20":3,"s:77:8:77:Infinity":28,"f:80:4:80:22":4,"s:81:8:81:Infinity":29,"f:84:4:84:22":5,"s:85:8:85:Infinity":30,"f:88:4:88:22":6,"s:89:8:89:Infinity":31,"f:92:4:92:25":7,"s:93:8:93:Infinity":32,"f:96:4:96:29":8,"s:97:8:97:Infinity":33,"f:100:4:100:15":9,"f:102:14:102:29":10,"s:103:8:103:Infinity":34,"s:104:8:104:Infinity":35,"s:105:9:105:Infinity":36,"s:106:8:106:Infinity":37,"s:107:8:107:Infinity":38,"s:108:8:108:Infinity":39}}}
,"D:\\Uni work\\Winter 2026\\comp 2452\\Comp-2452-project\\src\\model\\security\\account.ts": {"path":"D:\\Uni work\\Winter 2026\\comp 2452\\Comp-2452-project\\src\\model\\security\\account.ts","statementMap":{"0":{"start":{"line":15,"column":8},"end":{"line":15,"column":null}},"1":{"start":{"line":16,"column":8},"end":{"line":16,"column":null}},"2":{"start":{"line":19,"column":8},"end":{"line":21,"column":null}},"3":{"start":{"line":20,"column":12},"end":{"line":20,"column":null}},"4":{"start":{"line":23,"column":8},"end":{"line":25,"column":null}},"5":{"start":{"line":24,"column":12},"end":{"line":24,"column":null}},"6":{"start":{"line":39,"column":29},"end":{"line":42,"column":null}},"7":{"start":{"line":44,"column":8},"end":{"line":46,"column":null}},"8":{"start":{"line":45,"column":12},"end":{"line":45,"column":null}},"9":{"start":{"line":48,"column":29},"end":{"line":48,"column":null}},"10":{"start":{"line":50,"column":8},"end":{"line":53,"column":null}},"11":{"start":{"line":55,"column":8},"end":{"line":55,"column":null}},"12":{"start":{"line":69,"column":24},"end":{"line":72,"column":null}},"13":{"start":{"line":74,"column":8},"end":{"line":76,"column":null}},"14":{"start":{"line":75,"column":12},"end":{"line":75,"column":null}},"15":{"start":{"line":78,"column":35},"end":{"line":78,"column":null}},"16":{"start":{"line":79,"column":24},"end":{"line":79,"column":null}},"17":{"start":{"line":81,"column":8},"end":{"line":83,"column":null}},"18":{"start":{"line":82,"column":12},"end":{"line":82,"column":null}},"19":{"start":{"line":85,"column":8},"end":{"line":85,"column":null}},"20":{"start":{"line":90,"column":8},"end":{"line":90,"column":null}}},"fnMap":{"0":{"name":"(anonymous_0)","decl":{"start":{"line":14,"column":4},"end":{"line":14,"column":16}},"loc":{"start":{"line":14,"column":56},"end":{"line":26,"column":null}},"line":14},"1":{"name":"(anonymous_1)","decl":{"start":{"line":37,"column":17},"end":{"line":37,"column":24}},"loc":{"start":{"line":38,"column":24},"end":{"line":56,"column":null}},"line":38},"2":{"name":"(anonymous_2)","decl":{"start":{"line":67,"column":17},"end":{"line":67,"column":23}},"loc":{"start":{"line":68,"column":24},"end":{"line":86,"column":null}},"line":68},"3":{"name":"(anonymous_3)","decl":{"start":{"line":89,"column":4},"end":{"line":89,"column":26}},"loc":{"start":{"line":89,"column":26},"end":{"line":91,"column":null}},"line":89}},"branchMap":{"0":{"loc":{"start":{"line":19,"column":8},"end":{"line":21,"column":null}},"type":"if","locations":[{"start":{"line":19,"column":8},"end":{"line":21,"column":null}},{"start":{},"end":{}}],"line":19},"1":{"loc":{"start":{"line":23,"column":8},"end":{"line":25,"column":null}},"type":"if","locations":[{"start":{"line":23,"column":8},"end":{"line":25,"column":null}},{"start":{},"end":{}}],"line":23},"2":{"loc":{"start":{"line":44,"column":8},"end":{"line":46,"column":null}},"type":"if","locations":[{"start":{"line":44,"column":8},"end":{"line":46,"column":null}},{"start":{},"end":{}}],"line":44},"3":{"loc":{"start":{"line":74,"column":8},"end":{"line":76,"column":null}},"type":"if","locations":[{"start":{"line":74,"column":8},"end":{"line":76,"column":null}},{"start":{},"end":{}}],"line":74},"4":{"loc":{"start":{"line":81,"column":8},"end":{"line":83,"column":null}},"type":"if","locations":[{"start":{"line":81,"column":8},"end":{"line":83,"column":null}},{"start":{},"end":{}}],"line":81}},"s":{"0":12,"1":12,"2":12,"3":1,"4":11,"5":1,"6":10,"7":10,"8":1,"9":9,"10":9,"11":9,"12":3,"13":3,"14":1,"15":2,"16":2,"17":2,"18":1,"19":1,"20":2},"f":{"0":12,"1":2,"2":2,"3":2},"b":{"0":[1,11],"1":[1,10],"2":[1,9],"3":[1,2],"4":[1,1]},"meta":{"lastBranch":5,"lastFunction":4,"lastStatement":21,"seen":{"f:14:4:14:16":0,"s:15:8:15:Infinity":0,"s:16:8:16:Infinity":1,"b:19:8:21:Infinity:undefined:undefined:undefined:undefined":0,"s:19:8:21:Infinity":2,"s:20:12:20:Infinity":3,"b:23:8:25:Infinity:undefined:undefined:undefined:undefined":1,"s:23:8:25:Infinity":4,"s:24:12:24:Infinity":5,"f:37:17:37:24":1,"s:39:29:42:Infinity":6,"b:44:8:46:Infinity:undefined:undefined:undefined:undefined":2,"s:44:8:46:Infinity":7,"s:45:12:45:Infinity":8,"s:48:29:48:Infinity":9,"s:50:8:53:Infinity":10,"s:55:8:55:Infinity":11,"f:67:17:67:23":2,"s:69:24:72:Infinity":12,"b:74:8:76:Infinity:undefined:undefined:undefined:undefined":3,"s:74:8:76:Infinity":13,"s:75:12:75:Infinity":14,"s:78:35:78:Infinity":15,"s:79:24:79:Infinity":16,"b:81:8:83:Infinity:undefined:undefined:undefined:undefined":4,"s:81:8:83:Infinity":17,"s:82:12:82:Infinity":18,"s:85:8:85:Infinity":19,"f:89:4:89:26":3,"s:90:8:90:Infinity":20}}}
,"D:\\Uni work\\Winter 2026\\comp 2452\\Comp-2452-project\\src\\model\\security\\database-hash.ts": {"path":"D:\\Uni work\\Winter 2026\\comp 2452\\Comp-2452-project\\src\\model\\security\\database-hash.ts","statementMap":{"0":{"start":{"line":11,"column":8},"end":{"line":13,"column":null}},"1":{"start":{"line":12,"column":24},"end":{"line":12,"column":55}},"2":{"start":{"line":18,"column":22},"end":{"line":18,"column":null}},"3":{"start":{"line":20,"column":8},"end":{"line":22,"column":null}},"4":{"start":{"line":20,"column":21},"end":{"line":20,"column":24}},"5":{"start":{"line":21,"column":12},"end":{"line":21,"column":null}},"6":{"start":{"line":24,"column":8},"end":{"line":24,"column":null}},"7":{"start":{"line":37,"column":20},"end":{"line":37,"column":null}},"8":{"start":{"line":39,"column":8},"end":{"line":45,"column":null}},"9":{"start":{"line":55,"column":28},"end":{"line":55,"column":null}},"10":{"start":{"line":56,"column":21},"end":{"line":56,"column":null}},"11":{"start":{"line":58,"column":28},"end":{"line":67,"column":null}},"12":{"start":{"line":69,"column":21},"end":{"line":69,"column":null}},"13":{"start":{"line":71,"column":8},"end":{"line":71,"column":null}},"14":{"start":{"line":81,"column":22},"end":{"line":81,"column":null}},"15":{"start":{"line":83,"column":8},"end":{"line":85,"column":null}},"16":{"start":{"line":84,"column":12},"end":{"line":84,"column":null}},"17":{"start":{"line":87,"column":21},"end":{"line":87,"column":null}},"18":{"start":{"line":88,"column":30},"end":{"line":88,"column":null}},"19":{"start":{"line":89,"column":28},"end":{"line":89,"column":null}},"20":{"start":{"line":91,"column":28},"end":{"line":100,"column":null}},"21":{"start":{"line":102,"column":31},"end":{"line":102,"column":null}},"22":{"start":{"line":104,"column":8},"end":{"line":104,"column":null}}},"fnMap":{"0":{"name":"(anonymous_0)","decl":{"start":{"line":10,"column":19},"end":{"line":10,"column":25}},"loc":{"start":{"line":10,"column":53},"end":{"line":14,"column":null}},"line":10},"1":{"name":"(anonymous_1)","decl":{"start":{"line":12,"column":17},"end":{"line":12,"column":18}},"loc":{"start":{"line":12,"column":24},"end":{"line":12,"column":55}},"line":12},"2":{"name":"(anonymous_2)","decl":{"start":{"line":17,"column":19},"end":{"line":17,"column":27}},"loc":{"start":{"line":17,"column":52},"end":{"line":25,"column":null}},"line":17},"3":{"name":"(anonymous_3)","decl":{"start":{"line":36,"column":25},"end":{"line":36,"column":40}},"loc":{"start":{"line":36,"column":78},"end":{"line":46,"column":null}},"line":36},"4":{"name":"(anonymous_4)","decl":{"start":{"line":54,"column":10},"end":{"line":54,"column":23}},"loc":{"start":{"line":54,"column":58},"end":{"line":72,"column":null}},"line":54},"5":{"name":"(anonymous_5)","decl":{"start":{"line":80,"column":10},"end":{"line":80,"column":25}},"loc":{"start":{"line":80,"column":82},"end":{"line":105,"column":null}},"line":80}},"branchMap":{"0":{"loc":{"start":{"line":83,"column":8},"end":{"line":85,"column":null}},"type":"if","locations":[{"start":{"line":83,"column":8},"end":{"line":85,"column":null}},{"start":{},"end":{}}],"line":83}},"s":{"0":10,"1":240,"2":0,"3":0,"4":0,"5":0,"6":0,"7":5,"8":5,"9":5,"10":5,"11":5,"12":5,"13":5,"14":0,"15":0,"16":0,"17":0,"18":0,"19":0,"20":0,"21":0,"22":0},"f":{"0":1,"1":240,"2":1,"3":1,"4":5,"5":0},"b":{"0":[0,0]},"meta":{"lastBranch":1,"lastFunction":6,"lastStatement":23,"seen":{"f:10:19:10:25":0,"s:11:8:13:Infinity":0,"f:12:17:12:18":1,"s:12:24:12:55":1,"f:17:19:17:27":2,"s:18:22:18:Infinity":2,"s:20:8:22:Infinity":3,"s:20:21:20:24":4,"s:21:12:21:Infinity":5,"s:24:8:24:Infinity":6,"f:36:25:36:40":3,"s:37:20:37:Infinity":7,"s:39:8:45:Infinity":8,"f:54:10:54:23":4,"s:55:28:55:Infinity":9,"s:56:21:56:Infinity":10,"s:58:28:67:Infinity":11,"s:69:21:69:Infinity":12,"s:71:8:71:Infinity":13,"f:80:10:80:25":5,"s:81:22:81:Infinity":14,"b:83:8:85:Infinity:undefined:undefined:undefined:undefined":0,"s:83:8:85:Infinity":15,"s:84:12:84:Infinity":16,"s:87:21:87:Infinity":17,"s:88:30:88:Infinity":18,"s:89:28:89:Infinity":19,"s:91:28:100:Infinity":20,"s:102:31:102:Infinity":21,"s:104:8:104:Infinity":22}}}
,"D:\\Uni work\\Winter 2026\\comp 2452\\Comp-2452-project\\src\\model\\security\\test-hash.ts": {"path":"D:\\Uni work\\Winter 2026\\comp 2452\\Comp-2452-project\\src\\model\\security\\test-hash.ts","statementMap":{"0":{"start":{"line":10,"column":21},"end":{"line":10,"column":null}},"1":{"start":{"line":11,"column":27},"end":{"line":11,"column":null}},"2":{"start":{"line":13,"column":8},"end":{"line":15,"column":null}},"3":{"start":{"line":14,"column":24},"end":{"line":14,"column":55}},"4":{"start":{"line":19,"column":23},"end":{"line":19,"column":null}},"5":{"start":{"line":20,"column":8},"end":{"line":20,"column":null}}},"fnMap":{"0":{"name":"(anonymous_0)","decl":{"start":{"line":9,"column":10},"end":{"line":9,"column":23}},"loc":{"start":{"line":9,"column":58},"end":{"line":16,"column":null}},"line":9},"1":{"name":"(anonymous_1)","decl":{"start":{"line":14,"column":17},"end":{"line":14,"column":18}},"loc":{"start":{"line":14,"column":24},"end":{"line":14,"column":55}},"line":14},"2":{"name":"(anonymous_2)","decl":{"start":{"line":18,"column":10},"end":{"line":18,"column":25}},"loc":{"start":{"line":18,"column":82},"end":{"line":21,"column":null}},"line":18}},"branchMap":{},"s":{"0":10,"1":10,"2":10,"3":320,"4":2,"5":2},"f":{"0":10,"1":320,"2":2},"b":{},"meta":{"lastBranch":0,"lastFunction":3,"lastStatement":6,"seen":{"f:9:10:9:23":0,"s:10:21:10:Infinity":0,"s:11:27:11:Infinity":1,"s:13:8:15:Infinity":2,"f:14:17:14:18":1,"s:14:24:14:55":3,"f:18:10:18:25":2,"s:19:23:19:Infinity":4,"s:20:8:20:Infinity":5}}}
}
